
> defesa-civil-mobile@1.2.0 build
> vite build

[36mvite v6.4.1 [32mbuilding for production...[36m[39m
transforming...
[32m???[39m 1999 modules transformed.

PWA v0.21.2
mode      generateSW
precache  7 entries (2168.96 KiB)
files generated
  dist/sw.js
  dist/workbox-8c29f6e4.js
node.exe : 
[31m???[39m Build 
failed in 8.88s
No linha:1 
caractere:1
+ & "C:\Program Files
\nodejs/node.exe" 
"C:\Program 
Files\nodejs/node_mo 
...
+ ~~~~~~~~~~~~~~~~~~~
~~~~~~~~~~~~~~~~~~~~~
~~~~~~~~~~~~~~~~~~~~~
~~~~~~~~
    + CategoryInfo   
           : NotSpe  
  cified: ([31m??   
 ?[39m Build fai    
led in 8.88s:Str    
ing) [], RemoteE    
xception
    + FullyQualified 
   ErrorId : Native  
  CommandError
 
[31merror during 
build:
[31m[vite-plugin-pwa
:build] There was an 
error during the 
build:
  src/pages/Abrigos/O
ccupantForm.jsx 
(8:9): 
"scanDocument" is 
not exported by "src/
services/ocrService.j
s", imported by "src/
pages/Abrigos/Occupan
tForm.jsx".
Additionally, 
handling the error 
in the 'buildEnd' 
hook caused the 
following error:
  src/pages/Abrigos/O
ccupantForm.jsx 
(8:9): 
"scanDocument" is 
not exported by "src/
services/ocrService.j
s", imported by "src/
pages/Abrigos/Occupan
tForm.jsx".[31m
file: [36mC:/Users/u
ser/Desktop/DEFESA_CI
VIL_MOBILE/src/pages/
Abrigos/OccupantForm.
jsx:8:9[31m
[33m
6: import { Button } 
from '../../component
s/Shelter/ui/Button';
7: import { 
addOccupant, 
getShelterById, 
getOccupants, 
updateShelter } from 
'../../services/shelt
erDb';
8: import { 
scanDocument } from '
../../services/ocrSer
vice';
            ^
9: import VoiceInput 
from '../../component
s/VoiceInput';
[31m
    at 
getRollupError (file:
///C:/Users/user/Desk
top/DEFESA_CIVIL_MOBI
LE/node_modules/rollu
p/dist/es/shared/pars
eAst.js:401:41)
    at file:///C:/Use
rs/user/Desktop/DEFES
A_CIVIL_MOBILE/node_m
odules/rollup/dist/es
/shared/node-entry.js
:23418:39
    at async catchUnf
inishedHookActions (f
ile:///C:/Users/user/
Desktop/DEFESA_CIVIL_
MOBILE/node_modules/r
ollup/dist/es/shared/
node-entry.js:22876:1
6)
    at async 
rollupInternal (file:
///C:/Users/user/Desk
top/DEFESA_CIVIL_MOBI
LE/node_modules/rollu
p/dist/es/shared/node
-entry.js:23401:5)
    at async 
buildEnvironment (fil
e:///C:/Users/user/De
sktop/DEFESA_CIVIL_MO
BILE/node_modules/vit
e/dist/node/chunks/de
p-D4NMHUTW.js:46235:1
4)
    at async Object.d
efaultBuildApp [as 
buildApp] (file:///C:
/Users/user/Desktop/D
EFESA_CIVIL_MOBILE/no
de_modules/vite/dist/
node/chunks/dep-D4NMH
UTW.js:46713:5)
    at async 
CAC.<anonymous> (file
:///C:/Users/user/Des
ktop/DEFESA_CIVIL_MOB
ILE/node_modules/vite
/dist/node/cli.js:863
:7)[39m
